This file contains any messages produced by compilers while
running configure, to aid debugging if configure makes a mistake.

It was created by NoMa configure 2.0.0-dev, which was
generated by GNU Autoconf 2.68.  Invocation command line was

  $ ./configure --sysconfdir=/etc/noma --datarootdir=/usr/share/noma --bindir=/usr/local/noma

## --------- ##
## Platform. ##
## --------- ##

hostname = nagios-domentw.univie.ac.at
uname -m = x86_64
uname -r = 2.6.18-194.11.4.el5
uname -s = Linux
uname -v = #1 SMP Fri Sep 17 04:57:05 EDT 2010

/usr/bin/uname -p = unknown
/bin/uname -X     = unknown

/bin/arch              = x86_64
/usr/bin/arch -k       = unknown
/usr/convex/getsysinfo = unknown
/usr/bin/hostinfo      = unknown
/bin/machine           = unknown
/usr/bin/oslevel       = unknown
/bin/universe          = unknown

PATH: /home/friedrm8/aconf/bin
PATH: /home/friedrm8/aconf/bin
PATH: /home/friedrm8/aconf/bin
PATH: /home/friedrm8/aconf/bin
PATH: /home/friedrm8/aconf/bin
PATH: /home/friedrm8/aconf/bin
PATH: /home/friedrm8/aconf/bin
PATH: /home/friedrm8/aconf/bin
PATH: /home/friedrm8/aconf/bin
PATH: /home/friedrm8/aconf/bin
PATH: /home/friedrm8/aconf/bin
PATH: /home/friedrm8/aconf/bin
PATH: /home/friedrm8/aconf/bin
PATH: /home/friedrm8/aconf/bin
PATH: /home/friedrm8/aconf/bin
PATH: /home/friedrm8/aconf/bin
PATH: /home/friedrm8/aconf/bin
PATH: /usr/kerberos/bin
PATH: /usr/local/bin
PATH: /bin
PATH: /usr/bin
PATH: /home/friedrm8/bin


## ----------- ##
## Core tests. ##
## ----------- ##

configure:1757: checking for a BSD-compatible install
configure:1825: result: /usr/bin/install -c
configure:1836: checking whether build environment is sane
configure:1873: result: yes
configure:2000: checking for a thread-safe mkdir -p
configure:2039: result: /bin/mkdir -p
configure:2052: checking for gawk
configure:2068: found /bin/gawk
configure:2079: result: gawk
configure:2090: checking whether make sets $(MAKE)
configure:2112: result: yes
configure:2196: checking for grep that handles long lines and -e
configure:2254: result: /bin/grep
configure:2259: checking for a sed that does not truncate output
configure:2323: result: /bin/sed
configure:2348: checking if user www exists
configure:2354: result: not found
configure:2348: checking if user wwwrun exists
configure:2354: result: not found
configure:2348: checking if user www-data exists
configure:2354: result: not found
configure:2348: checking if user apache exists
configure:2351: result: found
configure:2371: checking if group www exists
configure:2377: result: not found
configure:2371: checking if group www-data exists
configure:2377: result: not found
configure:2371: checking if group apache exists
configure:2374: result: found
configure:2528: checking for perl
configure:2546: found /usr/local/bin/perl
configure:2558: result: /usr/local/bin/perl
configure:2643: creating ./config.status

## ---------------------- ##
## Running config.status. ##
## ---------------------- ##

This file was extended by NoMa config.status 2.0.0-dev, which was
generated by GNU Autoconf 2.68.  Invocation command line was

  CONFIG_FILES    = 
  CONFIG_HEADERS  = 
  CONFIG_LINKS    = 
  CONFIG_COMMANDS = 
  $ ./config.status 

on nagios-domentw.univie.ac.at

configure:3243: result: *** Configuration summary for NoMa 2.0.0-dev ***:
configure:3250: result:         Apache user/group:  apache,apache
configure:3252: result:        Install ${prefix}:  /usr/local/noma
configure:3254: result:           Install Htm Url:  /noma
configure:3256: result:                 Lock file:  ${prefix}/var/noma.lock
configure:3258: result:             Log directory:  ${prefix}/var
configure:3260: result:            Init directory:  /etc/rc.d/init.d
configure:3262: result:   Apache conf.d directory:  /etc/httpd/conf.d
configure:3264: result:                Rdbms used:  mysql

## ---------------- ##
## Cache variables. ##
## ---------------- ##

ac_cv_env_build_alias_set=
ac_cv_env_build_alias_value=
ac_cv_env_host_alias_set=
ac_cv_env_host_alias_value=
ac_cv_env_target_alias_set=
ac_cv_env_target_alias_value=
ac_cv_path_GREP=/bin/grep
ac_cv_path_PERL=/usr/local/bin/perl
ac_cv_path_SED=/bin/sed
ac_cv_path_install='/usr/bin/install -c'
ac_cv_path_mkdir=/bin/mkdir
ac_cv_prog_AWK=gawk
ac_cv_prog_make_make_set=yes

## ----------------- ##
## Output variables. ##
## ----------------- ##

ACLOCAL='${SHELL} /home/friedrm8/icinga/NoMa/missing --run aclocal-1.10'
AMTAR='${SHELL} /home/friedrm8/icinga/NoMa/missing --run tar'
AUTOCONF='${SHELL} /home/friedrm8/icinga/NoMa/missing --run autoconf'
AUTOHEADER='${SHELL} /home/friedrm8/icinga/NoMa/missing --run autoheader'
AUTOMAKE='${SHELL} /home/friedrm8/icinga/NoMa/missing --run automake-1.10'
AWK='gawk'
CYGPATH_W='echo'
DEFS='-DPACKAGE_NAME=\"NoMa\" -DPACKAGE_TARNAME=\"noma\" -DPACKAGE_VERSION=\"2.0.0-dev\" -DPACKAGE_STRING=\"NoMa\ 2.0.0-dev\" -DPACKAGE_BUGREPORT=\"https://www.netways.org/projects/noma/\ \" -DPACKAGE_URL=\"\" -DPACKAGE=\"noma\" -DVERSION=\"2.0.0-dev\"'
ECHO_C=''
ECHO_N='-n'
ECHO_T=''
GREP='/bin/grep'
HTTPD_CONF='/etc/httpd/conf.d'
INSTALL_DATA='${INSTALL} -m 644'
INSTALL_OPTS_WEB='-o apache -g apache'
INSTALL_PROGRAM='${INSTALL}'
INSTALL_SCRIPT='${INSTALL}'
INSTALL_STRIP_PROGRAM='$(install_sh) -c -s'
LIBOBJS=''
LIBS=''
LOGDIR='${prefix}/var'
LTLIBOBJS=''
MAKEINFO='${SHELL} /home/friedrm8/icinga/NoMa/missing --run makeinfo'
MKDIR_P='/bin/mkdir -p'
PACKAGE='noma'
PACKAGE_BUGREPORT='https://www.netways.org/projects/noma/ '
PACKAGE_NAME='NoMa'
PACKAGE_STRING='NoMa 2.0.0-dev'
PACKAGE_TARNAME='noma'
PACKAGE_URL=''
PACKAGE_VERSION='2.0.0-dev'
PATH_SEPARATOR=':'
PERL='/usr/local/bin/perl'
SED='/bin/sed'
SET_MAKE=''
SHELL='/bin/sh'
STRIP=''
USE_WHICH_RDBMS='mysql'
VERSION='2.0.0-dev'
am__isrc=''
am__leading_dot='.'
am__tar='${AMTAR} chof - "$$tardir"'
am__untar='${AMTAR} xf -'
bindir='/usr/local/noma'
build_alias=''
datadir='${datarootdir}'
datarootdir='/usr/share/noma'
docdir='${datarootdir}/doc/${PACKAGE_TARNAME}'
dvidir='${docdir}'
exec_prefix='${prefix}'
host_alias=''
htmldir='${docdir}'
htmurl='/noma'
includedir='${prefix}/include'
infodir='${datarootdir}/info'
init_dir='/etc/rc.d/init.d'
install_sh='$(SHELL) /home/friedrm8/icinga/NoMa/install-sh'
libdir='${exec_prefix}/lib'
libexecdir='${exec_prefix}/libexec'
localedir='${datarootdir}/locale'
localstatedir='${prefix}/var'
lockfile='${prefix}/var/noma.lock'
mandir='${datarootdir}/man'
mkdir_p='/bin/mkdir -p'
noma_perl='/usr/local/bin/perl'
oldincludedir='/usr/include'
pdfdir='${docdir}'
prefix='/usr/local/noma'
program_transform_name='s,x,x,'
psdir='${docdir}'
sbindir='${exec_prefix}/sbin'
sharedstatedir='${prefix}/com'
sysconfdir='/etc/noma'
target_alias=''
web_group='apache'
web_user='apache'

## ----------- ##
## confdefs.h. ##
## ----------- ##

/* confdefs.h */
#define PACKAGE_NAME "NoMa"
#define PACKAGE_TARNAME "noma"
#define PACKAGE_VERSION "2.0.0-dev"
#define PACKAGE_STRING "NoMa 2.0.0-dev"
#define PACKAGE_BUGREPORT "https://www.netways.org/projects/noma/ "
#define PACKAGE_URL ""
#define PACKAGE "noma"
#define VERSION "2.0.0-dev"

configure: exit 0

## ---------------------- ##
## Running config.status. ##
## ---------------------- ##

This file was extended by NoMa config.status 2.0.0-dev, which was
generated by GNU Autoconf 2.68.  Invocation command line was

  CONFIG_FILES    = 
  CONFIG_HEADERS  = 
  CONFIG_LINKS    = 
  CONFIG_COMMANDS = 
  $ ./config.status 

on nagios-domentw.univie.ac.at


## ---------------------- ##
## Running config.status. ##
## ---------------------- ##

This file was extended by NoMa config.status 2.0.0-dev, which was
generated by GNU Autoconf 2.68.  Invocation command line was

  CONFIG_FILES    = 
  CONFIG_HEADERS  = 
  CONFIG_LINKS    = 
  CONFIG_COMMANDS = 
  $ ./config.status 

on nagios-domentw.univie.ac.at


## ---------------------- ##
## Running config.status. ##
## ---------------------- ##

This file was extended by NoMa config.status 2.0.0-dev, which was
generated by GNU Autoconf 2.68.  Invocation command line was

  CONFIG_FILES    = 
  CONFIG_HEADERS  = 
  CONFIG_LINKS    = 
  CONFIG_COMMANDS = 
  $ ./config.status 

on nagios-domentw.univie.ac.at


## ---------------------- ##
## Running config.status. ##
## ---------------------- ##

This file was extended by NoMa config.status 2.0.0-dev, which was
generated by GNU Autoconf 2.68.  Invocation command line was

  CONFIG_FILES    = 
  CONFIG_HEADERS  = 
  CONFIG_LINKS    = 
  CONFIG_COMMANDS = 
  $ ./config.status 

on nagios-domentw.univie.ac.at


## ---------------------- ##
## Running config.status. ##
## ---------------------- ##

This file was extended by NoMa config.status 2.0.0-dev, which was
generated by GNU Autoconf 2.68.  Invocation command line was

  CONFIG_FILES    = 
  CONFIG_HEADERS  = 
  CONFIG_LINKS    = 
  CONFIG_COMMANDS = 
  $ ./config.status 

on nagios-domentw.univie.ac.at


## ---------------------- ##
## Running config.status. ##
## ---------------------- ##

This file was extended by NoMa config.status 2.0.0-dev, which was
generated by GNU Autoconf 2.68.  Invocation command line was

  CONFIG_FILES    = 
  CONFIG_HEADERS  = 
  CONFIG_LINKS    = 
  CONFIG_COMMANDS = 
  $ ./config.status 

on nagios-domentw.univie.ac.at


## ---------------------- ##
## Running config.status. ##
## ---------------------- ##

This file was extended by NoMa config.status 2.0.0-dev, which was
generated by GNU Autoconf 2.68.  Invocation command line was

  CONFIG_FILES    = 
  CONFIG_HEADERS  = 
  CONFIG_LINKS    = 
  CONFIG_COMMANDS = 
  $ ./config.status 

on nagios-domentw.univie.ac.at


## ---------------------- ##
## Running config.status. ##
## ---------------------- ##

This file was extended by NoMa config.status 2.0.0-dev, which was
generated by GNU Autoconf 2.68.  Invocation command line was

  CONFIG_FILES    = 
  CONFIG_HEADERS  = 
  CONFIG_LINKS    = 
  CONFIG_COMMANDS = 
  $ ./config.status 

on nagios-domentw.univie.ac.at


## ---------------------- ##
## Running config.status. ##
## ---------------------- ##

This file was extended by NoMa config.status 2.0.0-dev, which was
generated by GNU Autoconf 2.68.  Invocation command line was

  CONFIG_FILES    = 
  CONFIG_HEADERS  = 
  CONFIG_LINKS    = 
  CONFIG_COMMANDS = 
  $ ./config.status 

on nagios-domentw.univie.ac.at


## ---------------------- ##
## Running config.status. ##
## ---------------------- ##

This file was extended by NoMa config.status 2.0.0-dev, which was
generated by GNU Autoconf 2.68.  Invocation command line was

  CONFIG_FILES    = 
  CONFIG_HEADERS  = 
  CONFIG_LINKS    = 
  CONFIG_COMMANDS = 
  $ ./config.status 

on nagios-domentw.univie.ac.at


## ---------------------- ##
## Running config.status. ##
## ---------------------- ##

This file was extended by NoMa config.status 2.0.0-dev, which was
generated by GNU Autoconf 2.68.  Invocation command line was

  CONFIG_FILES    = 
  CONFIG_HEADERS  = 
  CONFIG_LINKS    = 
  CONFIG_COMMANDS = 
  $ ./config.status 

on nagios-domentw.univie.ac.at


## ---------------------- ##
## Running config.status. ##
## ---------------------- ##

This file was extended by NoMa config.status 2.0.0-dev, which was
generated by GNU Autoconf 2.68.  Invocation command line was

  CONFIG_FILES    = 
  CONFIG_HEADERS  = 
  CONFIG_LINKS    = 
  CONFIG_COMMANDS = 
  $ ./config.status 

on nagios-domentw.univie.ac.at


## ---------------------- ##
## Running config.status. ##
## ---------------------- ##

This file was extended by NoMa config.status 2.0.0-dev, which was
generated by GNU Autoconf 2.68.  Invocation command line was

  CONFIG_FILES    = 
  CONFIG_HEADERS  = 
  CONFIG_LINKS    = 
  CONFIG_COMMANDS = 
  $ ./config.status 

on nagios-domentw.univie.ac.at


## ---------------------- ##
## Running config.status. ##
## ---------------------- ##

This file was extended by NoMa config.status 2.0.0-dev, which was
generated by GNU Autoconf 2.68.  Invocation command line was

  CONFIG_FILES    = 
  CONFIG_HEADERS  = 
  CONFIG_LINKS    = 
  CONFIG_COMMANDS = 
  $ ./config.status 

on nagios-domentw.univie.ac.at


## ---------------------- ##
## Running config.status. ##
## ---------------------- ##

This file was extended by NoMa config.status 2.0.0-dev, which was
generated by GNU Autoconf 2.68.  Invocation command line was

  CONFIG_FILES    = 
  CONFIG_HEADERS  = 
  CONFIG_LINKS    = 
  CONFIG_COMMANDS = 
  $ ./config.status 

on nagios-domentw.univie.ac.at


## ---------------------- ##
## Running config.status. ##
## ---------------------- ##

This file was extended by NoMa config.status 2.0.0-dev, which was
generated by GNU Autoconf 2.68.  Invocation command line was

  CONFIG_FILES    = 
  CONFIG_HEADERS  = 
  CONFIG_LINKS    = 
  CONFIG_COMMANDS = 
  $ ./config.status 

on nagios-domentw.univie.ac.at


## ---------------------- ##
## Running config.status. ##
## ---------------------- ##

This file was extended by NoMa config.status 2.0.0-dev, which was
generated by GNU Autoconf 2.68.  Invocation command line was

  CONFIG_FILES    = 
  CONFIG_HEADERS  = 
  CONFIG_LINKS    = 
  CONFIG_COMMANDS = 
  $ ./config.status 

on nagios-domentw.univie.ac.at


## ---------------------- ##
## Running config.status. ##
## ---------------------- ##

This file was extended by NoMa config.status 2.0.0-dev, which was
generated by GNU Autoconf 2.68.  Invocation command line was

  CONFIG_FILES    = 
  CONFIG_HEADERS  = 
  CONFIG_LINKS    = 
  CONFIG_COMMANDS = 
  $ ./config.status 

on nagios-domentw.univie.ac.at


## ---------------------- ##
## Running config.status. ##
## ---------------------- ##

This file was extended by NoMa config.status 2.0.0-dev, which was
generated by GNU Autoconf 2.68.  Invocation command line was

  CONFIG_FILES    = 
  CONFIG_HEADERS  = 
  CONFIG_LINKS    = 
  CONFIG_COMMANDS = 
  $ ./config.status 

on nagios-domentw.univie.ac.at


## ---------------------- ##
## Running config.status. ##
## ---------------------- ##

This file was extended by NoMa config.status 2.0.0-dev, which was
generated by GNU Autoconf 2.68.  Invocation command line was

  CONFIG_FILES    = 
  CONFIG_HEADERS  = 
  CONFIG_LINKS    = 
  CONFIG_COMMANDS = 
  $ ./config.status 

on nagios-domentw.univie.ac.at


## ---------------------- ##
## Running config.status. ##
## ---------------------- ##

This file was extended by NoMa config.status 2.0.0-dev, which was
generated by GNU Autoconf 2.68.  Invocation command line was

  CONFIG_FILES    = 
  CONFIG_HEADERS  = 
  CONFIG_LINKS    = 
  CONFIG_COMMANDS = 
  $ ./config.status 

on nagios-domentw.univie.ac.at


## ---------------------- ##
## Running config.status. ##
## ---------------------- ##

This file was extended by NoMa config.status 2.0.0-dev, which was
generated by GNU Autoconf 2.68.  Invocation command line was

  CONFIG_FILES    = 
  CONFIG_HEADERS  = 
  CONFIG_LINKS    = 
  CONFIG_COMMANDS = 
  $ ./config.status 

on nagios-domentw.univie.ac.at


## ---------------------- ##
## Running config.status. ##
## ---------------------- ##

This file was extended by NoMa config.status 2.0.0-dev, which was
generated by GNU Autoconf 2.68.  Invocation command line was

  CONFIG_FILES    = 
  CONFIG_HEADERS  = 
  CONFIG_LINKS    = 
  CONFIG_COMMANDS = 
  $ ./config.status 

on nagios-domentw.univie.ac.at


## ---------------------- ##
## Running config.status. ##
## ---------------------- ##

This file was extended by NoMa config.status 2.0.0-dev, which was
generated by GNU Autoconf 2.68.  Invocation command line was

  CONFIG_FILES    = 
  CONFIG_HEADERS  = 
  CONFIG_LINKS    = 
  CONFIG_COMMANDS = 
  $ ./config.status 

on nagios-domentw.univie.ac.at


## ---------------------- ##
## Running config.status. ##
## ---------------------- ##

This file was extended by NoMa config.status 2.0.0-dev, which was
generated by GNU Autoconf 2.68.  Invocation command line was

  CONFIG_FILES    = 
  CONFIG_HEADERS  = 
  CONFIG_LINKS    = 
  CONFIG_COMMANDS = 
  $ ./config.status 

on nagios-domentw.univie.ac.at


## ---------------------- ##
## Running config.status. ##
## ---------------------- ##

This file was extended by NoMa config.status 2.0.0-dev, which was
generated by GNU Autoconf 2.68.  Invocation command line was

  CONFIG_FILES    = 
  CONFIG_HEADERS  = 
  CONFIG_LINKS    = 
  CONFIG_COMMANDS = 
  $ ./config.status 

on nagios-domentw.univie.ac.at


## ---------------------- ##
## Running config.status. ##
## ---------------------- ##

This file was extended by NoMa config.status 2.0.0-dev, which was
generated by GNU Autoconf 2.68.  Invocation command line was

  CONFIG_FILES    = 
  CONFIG_HEADERS  = 
  CONFIG_LINKS    = 
  CONFIG_COMMANDS = 
  $ ./config.status 

on nagios-domentw.univie.ac.at


## ---------------------- ##
## Running config.status. ##
## ---------------------- ##

This file was extended by NoMa config.status 2.0.0-dev, which was
generated by GNU Autoconf 2.68.  Invocation command line was

  CONFIG_FILES    = 
  CONFIG_HEADERS  = 
  CONFIG_LINKS    = 
  CONFIG_COMMANDS = 
  $ ./config.status 

on nagios-domentw.univie.ac.at


## ---------------------- ##
## Running config.status. ##
## ---------------------- ##

This file was extended by NoMa config.status 2.0.0-dev, which was
generated by GNU Autoconf 2.68.  Invocation command line was

  CONFIG_FILES    = 
  CONFIG_HEADERS  = 
  CONFIG_LINKS    = 
  CONFIG_COMMANDS = 
  $ ./config.status 

on nagios-domentw.univie.ac.at


## ---------------------- ##
## Running config.status. ##
## ---------------------- ##

This file was extended by NoMa config.status 2.0.0-dev, which was
generated by GNU Autoconf 2.68.  Invocation command line was

  CONFIG_FILES    = 
  CONFIG_HEADERS  = 
  CONFIG_LINKS    = 
  CONFIG_COMMANDS = 
  $ ./config.status 

on nagios-domentw.univie.ac.at

